<?xml version="1.0" encoding="UTF-8"?>
<!-- Generated by org.testng.reporters.JUnitReportReporter -->
<testsuite hostname="DESKTOP-7FKROEG" failures="0" tests="1" name="test.TestNGWiki" time="27.940" errors="0" timestamp="29 Jul 2022 07:21:32 GMT" skipped="0">
  <testcase classname="test.TestNGWiki" name="Test" time="27.940"/>
</testsuite> <!-- test.TestNGWiki -->
