<?xml version="1.0" encoding="UTF-8"?>
<!-- Generated by org.testng.reporters.JUnitReportReporter -->
<testsuite hostname="DESKTOP-7FKROEG" failures="0" tests="1" name="test.TestNG" time="58.162" errors="0" timestamp="28 Jul 2022 15:18:20 GMT" skipped="0">
  <testcase classname="test.TestNG" name="Test" time="58.162"/>
</testsuite> <!-- test.TestNG -->
