<?xml version="1.0" encoding="UTF-8"?>
<!-- Generated by org.testng.reporters.JUnitReportReporter -->
<testsuite hostname="DESKTOP-7FKROEG" failures="0" tests="1" name="test.TestNGImdb" time="67.945" errors="0" timestamp="29 Jul 2022 07:21:32 GMT" skipped="0">
  <testcase classname="test.TestNGImdb" name="Test" time="67.945"/>
</testsuite> <!-- test.TestNGImdb -->
